\BOOKMARK [0][-]{chapter*.2}{\376\377\122\115\212\000}{}% 1
\BOOKMARK [0][-]{chapter*.3}{\376\377\230\204\131\007\167\345\213\306}{}% 2
\BOOKMARK [0][-]{chapter.1}{\376\377\177\244\116\016\163\257\166\204\176\323\147\204}{}% 3
\BOOKMARK [1][-]{section.1.1}{\376\377\124\014\140\001}{chapter.1}% 4
\BOOKMARK [1][-]{section.1.2}{\376\377\173\111\116\367\121\163\174\373\116\016\125\106}{chapter.1}% 5
\BOOKMARK [2][-]{subsection.1.2.1}{\376\377\000L\000a\000g\000r\000a\000n\000g\000e\133\232\164\006}{section.1.2}% 6
\BOOKMARK [2][-]{subsection.1.2.2}{\376\377\125\106\177\244\116\016\125\106\163\257}{section.1.2}% 7
\BOOKMARK [1][-]{section.1.3}{\376\377\116\130\171\357}{chapter.1}% 8
\BOOKMARK [2][-]{subsection.1.3.1}{\376\377\116\130\171\357\177\244}{section.1.3}% 9
\BOOKMARK [2][-]{subsection.1.3.2}{\376\377\163\257\116\012\166\204\116\130\171\357}{section.1.3}% 10
\BOOKMARK [1][-]{section.1.4}{\376\377\165\037\142\020\121\163\174\373}{chapter.1}% 11
\BOOKMARK [1][-]{section.1.5}{\376\377\117\213\230\230\116\016\116\140\230\230}{chapter.1}% 12
\BOOKMARK [0][-]{chapter.2}{\376\377\177\244\166\204\146\364\131\032\140\047\215\050}{}% 13
\BOOKMARK [1][-]{section.2.1}{\376\377\177\244\117\134\165\050}{chapter.2}% 14
\BOOKMARK [1][-]{section.2.2}{\376\377\123\125\177\244}{chapter.2}% 15
\BOOKMARK [1][-]{section.2.3}{\376\377\000S\000y\000l\000o\000w\133\232\164\006}{chapter.2}% 16
\BOOKMARK [1][-]{section.2.4}{\376\377\117\213\230\230\116\016\116\140\230\230}{chapter.2}% 17
\BOOKMARK [0][-]{chapter.3}{\376\377\116\244\143\142\163\257}{}% 18
\BOOKMARK [1][-]{section.3.1}{\376\377\164\006\140\363\116\016\145\164\163\257}{chapter.3}% 19
\BOOKMARK [2][-]{subsection.3.1.1}{\376\377\175\040\164\006\140\363\116\016\147\201\131\047\164\006\140\363}{section.3.1}% 20
\BOOKMARK [2][-]{subsection.3.1.2}{\376\377\145\164\163\257\116\016\127\337}{section.3.1}% 21
\BOOKMARK [1][-]{section.3.2}{\376\377\116\011\171\315\162\171\153\212\166\204\145\164\163\257}{chapter.3}% 22
\BOOKMARK [2][-]{subsection.3.2.1}{\376\377\125\057\116\000\122\006\211\343\145\164\163\257}{section.3.2}% 23
\BOOKMARK [2][-]{subsection.3.2.2}{\376\377\116\073\164\006\140\363\145\164\163\257}{section.3.2}% 24
\BOOKMARK [2][-]{subsection.3.2.3}{\376\377\000E\000u\000c\000l\000i\000d\145\164\163\257}{section.3.2}% 25
\BOOKMARK [0][-]{chapter.4}{\376\377\127\337}{}% 26
\BOOKMARK [1][-]{section.4.1}{\376\377\127\337\142\151\137\040}{chapter.4}% 27
\BOOKMARK [1][-]{section.4.2}{\376\377\122\006\210\302\127\337}{chapter.4}% 28
\BOOKMARK [1][-]{section.4.3}{\376\377\147\011\226\120\127\337}{chapter.4}% 29
\BOOKMARK [0][-]{chapter*.5}{\376\377\123\302\200\003\145\207\163\056}{}% 30
